<?xml version="1.0" encoding="UTF-8"?>
<TestRun id="64ff4304-cb52-43fe-91e0-94e042ff829c" name="jdyer1@JDYER1-2K3 2012-10-11 13:54:44" runUser="RRI\jdyer1" xmlns="http://microsoft.com/schemas/VisualStudio/TeamTest/2010">
  <TestSettings name="Local" id="73811cf1-0644-4df3-9da5-552245f53791">
    <Description>These are default test settings for a local test run.</Description>
    <Deployment userDeploymentRoot="c:\DropBox\Dropbox\Tank\TestResults" useDefaultDeploymentRoot="false" enabled="false" runDeploymentRoot="jdyer1_JDYER1-2K3 2012-10-11 13_54_44">
      <DeploymentItem filename="c:\DropBox\Dropbox\Tank\Tank\bin\Debug\Tank.exe" />
    </Deployment>
    <Execution>
      <TestTypeSpecific />
      <AgentRule name="Execution Agents">
      </AgentRule>
    </Execution>
  </TestSettings>
  <Times creation="2012-10-11T13:54:44.0123524-05:00" queuing="2012-10-11T13:54:45.4186024-05:00" start="2012-10-11T13:54:45.5592274-05:00" finish="2012-10-11T13:56:02.3404774-05:00" />
  <ResultSummary outcome="Error">
    <Counters total="1" executed="1" error="0" failed="0" timeout="0" aborted="1" inconclusive="0" passedButRunAborted="0" notRunnable="0" notExecuted="0" disconnected="0" warning="0" passed="0" completed="0" inProgress="0" pending="0" />
    <RunInfos>
      <RunInfo computerName="JDYER1-2K3" outcome="Error" timestamp="2012-10-11T13:56:02.3404774-05:00">
        <Text>Test host process exited unexpectedly.</Text>
      </RunInfo>
    </RunInfos>
  </ResultSummary>
  <TestDefinitions>
    <UnitTest name="BuffManagerFullTest" storage="c:\dropbox\dropbox\tank\tanktests\bin\debug\tanktests.dll" id="b603a618-543d-d56a-5d8c-43cfd9e7e29f">
      <Execution id="4690a72a-3e7a-4c59-b639-56fdfc78ae29" />
      <TestMethod codeBase="c:/DropBox/Dropbox/Tank/TankTests/bin/Debug/TankTests.DLL" adapterTypeName="Microsoft.VisualStudio.TestTools.TestTypes.Unit.UnitTestAdapter, Microsoft.VisualStudio.QualityTools.Tips.UnitTest.Adapter, Version=10.0.0.0, Culture=neutral, PublicKeyToken=b03f5f7f11d50a3a" className="TankTests.BuffManagerTest, TankTests, Version=1.0.0.0, Culture=neutral, PublicKeyToken=null" name="BuffManagerFullTest" />
    </UnitTest>
  </TestDefinitions>
  <TestLists>
    <TestList name="Results Not in a List" id="8c84fa94-04c1-424b-9868-57a2d4851a1d" />
    <TestList name="All Loaded Results" id="19431567-8539-422a-85d7-44ee4e166bda" />
  </TestLists>
  <TestEntries>
    <TestEntry testId="b603a618-543d-d56a-5d8c-43cfd9e7e29f" executionId="4690a72a-3e7a-4c59-b639-56fdfc78ae29" testListId="8c84fa94-04c1-424b-9868-57a2d4851a1d" />
  </TestEntries>
  <Results>
    <UnitTestResult executionId="4690a72a-3e7a-4c59-b639-56fdfc78ae29" testId="b603a618-543d-d56a-5d8c-43cfd9e7e29f" testName="BuffManagerFullTest" computerName="JDYER1-2K3" duration="00:01:16.6562500" startTime="2012-10-11T13:54:45.6842274-05:00" endTime="2012-10-11T13:56:02.3404774-05:00" testType="13cdc9d9-ddb5-4fa4-a97d-d965ccfc6d4b" outcome="Aborted" testListId="8c84fa94-04c1-424b-9868-57a2d4851a1d" relativeResultsDirectory="4690a72a-3e7a-4c59-b639-56fdfc78ae29">
    </UnitTestResult>
  </Results>
</TestRun>